2020-03-16 17:30:56 info BAAC-Promote-Tourism POST /register 200 register success
2020-03-16 17:31:26 info BAAC-Promote-Tourism POST /register 200 register success
2020-03-16 17:31:27 info BAAC-Promote-Tourism POST /register 200 register success
2020-03-16 17:31:27 info BAAC-Promote-Tourism POST /register 200 register success
2020-03-16 17:31:27 info BAAC-Promote-Tourism POST /unregister 200 unregister success
2020-03-16 17:33:01 info BAAC-Promote-Tourism POST /register 200 register success
2020-03-16 17:33:14 info BAAC-Promote-Tourism POST /register 200 register success
2020-03-16 17:35:55 info BAAC-Promote-Tourism POST /register 200 register success
2020-03-16 17:39:19 register
2020-03-16 17:39:20 register
2020-03-16 17:39:21 register
2020-03-16 17:39:21.78 unregister
2020-03-16 17:40:39 info BAAC-Promote-Tourism POST /register 200 register success
2020-03-16 17:40:40 info BAAC-Promote-Tourism POST /register 200 register success
2020-03-16 17:40:40 info BAAC-Promote-Tourism POST /register 200 register success
2020-03-16 17:40:40 info BAAC-Promote-Tourism POST /unregister 200 unregister success
2020-03-16 17:43:08 info BAAC-Promote-Tourism POST /register 200 register success
2020-03-16 17:43:09 info BAAC-Promote-Tourism POST /register 200 register success
2020-03-16 17:43:10 info BAAC-Promote-Tourism POST /register 200 register success
2020-03-16 17:43:10 info BAAC-Promote-Tourism POST /unregister 200 unregister success
2020-03-16 17:44:06 info BAAC-Promote-Tourism POST /register 200 register success
2020-03-16 17:44:08 info BAAC-Promote-Tourism POST /register 200 register success
2020-03-16 17:44:08 info BAAC-Promote-Tourism POST /register 200 register success
2020-03-16 17:45:02 info BAAC-Promote-Tourism POST /register 200 register success
2020-03-16 17:45:03 info BAAC-Promote-Tourism POST /register 200 register success
2020-03-16 17:45:04 info BAAC-Promote-Tourism POST /register 200 register success
2020-03-16 17:45:04 info BAAC-Promote-Tourism POST /unregister 200 unregister success
2020-03-17 09:27:54 info BAAC-Promote-Tourism POST /register 200 register success
2020-03-17 09:27:54 info BAAC-Promote-Tourism POST /register 200 register success
2020-03-17 09:27:55 info BAAC-Promote-Tourism POST /register 200 register success
2020-03-17 09:28:35 info BAAC-Promote-Tourism POST /register 200 register success
2020-03-17 09:28:35 info BAAC-Promote-Tourism POST /register 200 register success
2020-03-17 09:28:36 info BAAC-Promote-Tourism POST /register 200 register success
2020-03-17 09:28:36 info BAAC-Promote-Tourism POST /unregister 200 unregister success
2020-03-17 09:30:53 info BAAC-Promote-Tourism POST /register 200 register success
2020-03-17 09:30:53 info BAAC-Promote-Tourism POST /register 200 register success
2020-03-17 09:30:54 info BAAC-Promote-Tourism POST /register 200 register success
2020-03-17 09:36:51 info BAAC-Promote-Tourism POST /register 200 register success
2020-03-17 09:36:52 info BAAC-Promote-Tourism POST /register 200 register success
2020-03-17 09:36:52 info BAAC-Promote-Tourism POST /register 200 register success
2020-03-17 09:36:52 info BAAC-Promote-Tourism POST /unregister 200 unregister success
2020-03-17 09:41:52 info BAAC-Promote-Tourism POST /register 200 register success
2020-03-17 09:41:53 info BAAC-Promote-Tourism POST /register 200 register success
2020-03-17 09:41:54 info BAAC-Promote-Tourism POST /register 200 register success
2020-03-17 09:41:54 info BAAC-Promote-Tourism POST /unregister 200 unregister success
2020-03-17 09:52:17 info BAAC-Promote-Tourism POST /register 200 register success
2020-03-17 09:52:26 info BAAC-Promote-Tourism POST /register 200 register success
2020-03-17 09:52:27 info BAAC-Promote-Tourism POST /register 200 register success
2020-03-17 09:52:28 info BAAC-Promote-Tourism POST /register 200 register success
2020-03-17 09:52:28 info BAAC-Promote-Tourism POST /unregister 200 unregister success
2020-03-17 10:19:34 info BAAC-Promote-Tourism POST /register 200 register success
2020-03-17 10:19:34 info BAAC-Promote-Tourism POST /register 200 register success
2020-03-17 10:19:35 info BAAC-Promote-Tourism POST /register 200 register success
2020-03-17 10:19:35 info BAAC-Promote-Tourism POST /unregister 200 unregister success
2020-03-17 10:19:45 info BAAC-Promote-Tourism POST /register 200 register success
2020-03-17 10:21:22 info BAAC-Promote-Tourism POST /register 200 register success
2020-03-17 10:21:32 info BAAC-Promote-Tourism POST /register 200 register success
2020-03-17 10:21:41 info BAAC-Promote-Tourism POST /register 200 register success
2020-03-17 10:21:42 info BAAC-Promote-Tourism POST /register 200 register success
2020-03-17 10:21:42 info BAAC-Promote-Tourism POST /register 200 register success
2020-03-17 10:21:42 info BAAC-Promote-Tourism POST /unregister 200 unregister success
2020-03-17 10:23:39 info BAAC-Promote-Tourism POST /register 200 register success
2020-03-17 10:23:40 info BAAC-Promote-Tourism POST /register 200 register success
2020-03-17 10:23:41 info BAAC-Promote-Tourism POST /register 200 register success
2020-03-17 10:23:41 info BAAC-Promote-Tourism POST /unregister 200 unregister success
2020-03-17 10:23:50 info BAAC-Promote-Tourism POST /register 200 register success
2020-03-17 10:24:34 info BAAC-Promote-Tourism POST /register 200 register success
2020-03-17 11:02:28 info BAAC-Promote-Tourism POST /register 200 register success
2020-03-17 11:03:03 info BAAC-Promote-Tourism POST /register 200 register success
2020-03-17 11:03:04 info BAAC-Promote-Tourism POST /register 200 register success
2020-03-17 11:03:05 info BAAC-Promote-Tourism POST /register 200 register success
2020-03-17 11:03:05 info BAAC-Promote-Tourism POST /unregister 200 unregister success
2020-03-17 11:08:19 info BAAC-Promote-Tourism POST /register 200 register success
2020-03-17 11:11:56 info BAAC-Promote-Tourism POST /register 200 register success
2020-03-17 11:12:03 info BAAC-Promote-Tourism POST /unregister 200 unregister success
2020-03-17 12:52:14 info BAAC-Promote-Tourism POST /register 200 register success
2020-03-17 12:52:15 info BAAC-Promote-Tourism POST /register 200 register success
2020-03-17 12:52:15 info BAAC-Promote-Tourism POST /register 200 register success
2020-03-17 12:52:15 info BAAC-Promote-Tourism POST /unregister 200 unregister success
2020-03-17 12:53:16 info BAAC-Promote-Tourism POST /register 200 register success
2020-03-17 12:53:56 info BAAC-Promote-Tourism POST /register 200 register success
2020-03-17 12:56:44 info BAAC-Promote-Tourism POST /register 200 register success
2020-03-17 12:56:44 info BAAC-Promote-Tourism POST /register 200 register success
2020-03-17 12:56:45 info BAAC-Promote-Tourism POST /register 200 register success
2020-03-17 12:56:45 info BAAC-Promote-Tourism POST /unregister 200 unregister success
2020-03-17 13:00:09 info BAAC-Promote-Tourism POST /register 200 register success
2020-03-17 13:00:10 info BAAC-Promote-Tourism POST /register 200 register success
2020-03-17 13:00:11 info BAAC-Promote-Tourism POST /register 200 register success
2020-03-17 13:00:11 info BAAC-Promote-Tourism POST /unregister 200 unregister success
2020-03-17 13:06:41 info BAAC-Promote-Tourism POST /register 200 register success
2020-03-17 13:06:42 info BAAC-Promote-Tourism POST /register 200 register success
2020-03-17 13:06:42 info BAAC-Promote-Tourism POST /register 200 register success
2020-03-17 13:06:43 info BAAC-Promote-Tourism POST /unregister 200 unregister success
2020-03-17 13:07:56 info BAAC-Promote-Tourism POST /register 200 register success
2020-03-17 13:07:57 info BAAC-Promote-Tourism POST /register 200 register success
2020-03-17 13:07:57 info BAAC-Promote-Tourism POST /register 200 register success
2020-03-17 13:07:57 info BAAC-Promote-Tourism POST /unregister 200 unregister success
2020-03-17 13:11:51 info BAAC-Promote-Tourism POST /register 200 register success
2020-03-17 13:11:52 info BAAC-Promote-Tourism POST /register 200 register success
2020-03-17 13:11:52 info BAAC-Promote-Tourism POST /register 200 register success
2020-03-17 13:13:55 info BAAC-Promote-Tourism POST /register 200 register success
2020-03-17 13:18:04 info BAAC-Promote-Tourism POST /register 200 register success
2020-03-17 13:18:04 info BAAC-Promote-Tourism POST /register 200 register success
2020-03-17 13:18:05 info BAAC-Promote-Tourism POST /register 200 register success
2020-03-17 14:00:39 info BAAC-Promote-Tourism POST /register 200 register success
2020-03-17 14:01:12 info BAAC-Promote-Tourism POST /register 200 register success
2020-03-17 14:01:54 info BAAC-Promote-Tourism POST /register 200 register success
2020-03-17 14:02:37 info BAAC-Promote-Tourism POST /register 200 register success
2020-03-17 14:02:37 info BAAC-Promote-Tourism POST /register 200 register success
2020-03-17 14:02:38 info BAAC-Promote-Tourism POST /register 200 register success
2020-03-17 14:02:38 info BAAC-Promote-Tourism POST /unregister 200 unregister success
2020-03-17 14:03:11 info BAAC-Promote-Tourism POST /register 200 register success
2020-03-17 14:03:11 info BAAC-Promote-Tourism POST /register 200 register success
2020-03-17 14:03:12 info BAAC-Promote-Tourism POST /register 200 register success
2020-03-17 14:04:15 info BAAC-Promote-Tourism POST /register 200 register success
2020-03-17 14:04:15 info BAAC-Promote-Tourism POST /register 200 register success
2020-03-17 14:04:16 info BAAC-Promote-Tourism POST /register 200 register success
2020-03-17 14:05:05 info BAAC-Promote-Tourism POST /register 200 register success
2020-03-17 14:05:05 info BAAC-Promote-Tourism POST /register 200 register success
2020-03-17 14:05:06 info BAAC-Promote-Tourism POST /register 200 register success
2020-03-17 14:07:35 info BAAC-Promote-Tourism POST /register 200 register success
2020-03-17 14:07:36 info BAAC-Promote-Tourism POST /register 200 register success
2020-03-17 14:09:37 info BAAC-Promote-Tourism POST /register 200 register success
2020-03-17 14:09:38 info BAAC-Promote-Tourism POST /register 200 register success
2020-03-17 14:09:38 info BAAC-Promote-Tourism POST /register 200 register success
2020-03-17 14:12:44 info BAAC-Promote-Tourism POST /register 200 register success
2020-03-17 14:12:44 info BAAC-Promote-Tourism POST /register 200 register success
2020-03-17 14:12:45 info BAAC-Promote-Tourism POST /register 200 register success
2020-03-17 14:13:31 info BAAC-Promote-Tourism POST /register 200 register success
2020-03-17 14:13:31 info BAAC-Promote-Tourism POST /register 200 register success
2020-03-17 14:13:32 info BAAC-Promote-Tourism POST /register 200 register success
2020-03-17 14:14:09 info BAAC-Promote-Tourism POST /register 200 register success
2020-03-17 14:14:10 info BAAC-Promote-Tourism POST /register 200 register success
2020-03-17 14:14:11 info BAAC-Promote-Tourism POST /register 200 register success
2020-03-17 14:14:30 info BAAC-Promote-Tourism POST /register 200 register success
2020-03-17 14:14:31 info BAAC-Promote-Tourism POST /register 200 register success
2020-03-17 14:14:32 info BAAC-Promote-Tourism POST /register 200 register success
2020-03-17 14:15:05 info BAAC-Promote-Tourism POST /register 200 register success
2020-03-17 14:15:06 info BAAC-Promote-Tourism POST /register 200 register success
2020-03-17 14:15:06 info BAAC-Promote-Tourism POST /register 200 register success
2020-03-17 14:15:18 info BAAC-Promote-Tourism POST /register 200 register success
2020-03-17 14:15:19 info BAAC-Promote-Tourism POST /register 200 register success
2020-03-17 14:15:19 info BAAC-Promote-Tourism POST /register 200 register success
2020-03-17 14:16:19 info BAAC-Promote-Tourism POST /register 200 register success
2020-03-17 14:16:19 info BAAC-Promote-Tourism POST /register 200 register success
2020-03-17 14:16:20 info BAAC-Promote-Tourism POST /register 200 register success
2020-03-17 14:16:37 info BAAC-Promote-Tourism POST /register 200 register success
2020-03-17 14:16:38 info BAAC-Promote-Tourism POST /register 200 register success
2020-03-17 14:16:38 info BAAC-Promote-Tourism POST /register 200 register success
2020-03-17 14:19:07 info BAAC-Promote-Tourism POST /register 200 register success
2020-03-17 14:19:08 info BAAC-Promote-Tourism POST /register 200 register success
2020-03-17 14:19:08 info BAAC-Promote-Tourism POST /register 200 register success
2020-03-17 14:19:24 info BAAC-Promote-Tourism POST /register 200 register success
2020-03-17 14:19:24 info BAAC-Promote-Tourism POST /register 200 register success
2020-03-17 14:19:25 info BAAC-Promote-Tourism POST /register 200 register success
2020-03-17 14:20:23 info BAAC-Promote-Tourism POST /register 200 register success
2020-03-17 14:20:24 info BAAC-Promote-Tourism POST /register 200 register success
2020-03-17 14:20:24 info BAAC-Promote-Tourism POST /register 200 register success
2020-03-17 14:20:46 info BAAC-Promote-Tourism POST /register 200 register success
2020-03-17 14:20:47 info BAAC-Promote-Tourism POST /register 200 register success
2020-03-17 14:20:48 info BAAC-Promote-Tourism POST /register 200 register success
2020-03-17 14:22:36 info BAAC-Promote-Tourism POST /register 200 register success
2020-03-17 14:22:37 info BAAC-Promote-Tourism POST /register 200 register success
2020-03-17 14:22:37 info BAAC-Promote-Tourism POST /register 200 register success
2020-03-17 14:26:03 info BAAC-Promote-Tourism POST /register 200 register success
2020-03-17 14:26:26 info BAAC-Promote-Tourism POST /register 200 register success
2020-03-17 14:27:22 info BAAC-Promote-Tourism POST /register 200 register success
2020-03-17 14:27:23 info BAAC-Promote-Tourism POST /register 200 register success
2020-03-17 14:27:23 info BAAC-Promote-Tourism POST /register 200 register success
2020-03-17 14:27:53 info BAAC-Promote-Tourism POST /register 200 register success
2020-03-17 14:27:54 info BAAC-Promote-Tourism POST /register 200 register success
2020-03-17 14:27:56 info BAAC-Promote-Tourism POST /register 200 register success
2020-03-17 14:27:56 info BAAC-Promote-Tourism POST /unregister 200 unregister success
2020-03-17 14:49:00 info BAAC-Promote-Tourism POST /register 200 register success
2020-03-17 14:49:50 info BAAC-Promote-Tourism POST /register 200 register success
2020-03-17 14:49:56 info BAAC-Promote-Tourism POST /register 200 register success
2020-03-17 14:51:09 info BAAC-Promote-Tourism POST /register 200 register success
2020-03-17 14:51:15 info BAAC-Promote-Tourism POST /register 200 register success
2020-03-17 14:51:16 info BAAC-Promote-Tourism POST /register 200 register success
2020-03-17 14:51:16 info BAAC-Promote-Tourism POST /unregister 200 unregister success
2020-03-17 14:55:32 info BAAC-Promote-Tourism POST /register 200 register success
2020-03-17 14:55:32 info BAAC-Promote-Tourism POST /register 200 register success
2020-03-17 14:55:33 info BAAC-Promote-Tourism POST /register 200 register success
2020-03-17 14:55:33 info BAAC-Promote-Tourism POST /unregister 200 unregister success
2020-03-17 14:59:10 info BAAC-Promote-Tourism POST /register 200 register success
2020-03-17 14:59:11 info BAAC-Promote-Tourism POST /register 200 register success
2020-03-17 14:59:11 info BAAC-Promote-Tourism POST /register 200 register success
2020-03-17 14:59:11 info BAAC-Promote-Tourism POST /unregister 200 unregister success
2020-03-17 15:04:39 info BAAC-Promote-Tourism POST /register 200 register success
2020-03-17 15:04:39 info BAAC-Promote-Tourism POST /register 200 register success
2020-03-17 15:04:40 info BAAC-Promote-Tourism POST /register 200 register success
2020-03-17 15:04:40 info BAAC-Promote-Tourism POST /unregister 200 unregister success
2020-03-17 15:06:04 info BAAC-Promote-Tourism POST /register 200 register success
2020-03-17 15:06:04 info BAAC-Promote-Tourism POST /register 200 register success
2020-03-17 15:06:05 info BAAC-Promote-Tourism POST /register 200 register success
2020-03-17 15:06:05 info BAAC-Promote-Tourism POST /unregister 200 unregister success
2020-03-17 15:07:34 info BAAC-Promote-Tourism POST /register 200 register success
2020-03-17 15:07:34 info BAAC-Promote-Tourism POST /register 200 register success
2020-03-17 15:07:35 info BAAC-Promote-Tourism POST /register 200 register success
2020-03-17 15:07:35 info BAAC-Promote-Tourism POST /unregister 200 unregister success
2020-03-17 15:14:03 info BAAC-Promote-Tourism POST /register 200 register success
2020-03-17 15:14:04 info BAAC-Promote-Tourism POST /register 200 register success
2020-03-17 15:14:05 info BAAC-Promote-Tourism POST /register 200 register success
2020-03-17 15:14:05 info BAAC-Promote-Tourism POST /unregister 200 unregister success
2020-03-17 15:16:11 info BAAC-Promote-Tourism POST /register 200 register success
2020-03-17 15:16:12 info BAAC-Promote-Tourism POST /register 200 register success
2020-03-17 15:16:13 info BAAC-Promote-Tourism POST /register 200 register success
2020-03-17 15:16:13 info BAAC-Promote-Tourism POST /unregister 200 unregister success
2020-03-17 15:16:45 info BAAC-Promote-Tourism POST /register 200 register success
2020-03-17 15:16:46 info BAAC-Promote-Tourism POST /register 200 register success
2020-03-17 15:16:47 info BAAC-Promote-Tourism POST /register 200 register success
2020-03-17 15:17:24 info BAAC-Promote-Tourism POST /register 200 register success
2020-03-17 15:17:25 info BAAC-Promote-Tourism POST /register 200 register success
2020-03-17 15:18:38 info BAAC-Promote-Tourism POST /register 200 register success
2020-03-17 15:18:38 info BAAC-Promote-Tourism POST /register 200 register success
2020-03-17 15:18:39 info BAAC-Promote-Tourism POST /register 200 register success
2020-03-17 15:20:35 info BAAC-Promote-Tourism POST /register 200 register success
2020-03-17 15:20:36 info BAAC-Promote-Tourism POST /register 200 register success
2020-03-17 15:20:36 info BAAC-Promote-Tourism POST /register 200 register success
2020-03-17 15:22:05 info BAAC-Promote-Tourism POST /register 200 register success
2020-03-17 15:22:05 info BAAC-Promote-Tourism POST /register 200 register success
2020-03-17 15:22:06 info BAAC-Promote-Tourism POST /register 200 register success
2020-03-17 15:24:14 info BAAC-Promote-Tourism POST /register 200 register success
2020-03-17 15:24:15 info BAAC-Promote-Tourism POST /register 200 register success
2020-03-17 15:24:27 info BAAC-Promote-Tourism POST /register 200 register success
2020-03-17 15:24:28 info BAAC-Promote-Tourism POST /register 200 register success
2020-03-17 15:26:33 info BAAC-Promote-Tourism POST /register 200 register success
2020-03-17 15:26:34 info BAAC-Promote-Tourism POST /register 200 register success
2020-03-17 15:29:00 info BAAC-Promote-Tourism POST /register 200 register success
2020-03-17 15:36:31 info BAAC-Promote-Tourism POST /register 200 register success
2020-03-17 15:38:56 info BAAC-Promote-Tourism POST /register 200 register success
2020-03-17 15:39:11 info BAAC-Promote-Tourism POST /register 200 register success
2020-03-17 15:39:27 info BAAC-Promote-Tourism POST /register 200 register success
2020-03-17 15:40:31 info BAAC-Promote-Tourism POST /register 200 register success
2020-03-17 15:40:48 info BAAC-Promote-Tourism POST /register 200 register success
2020-03-17 15:41:06 info BAAC-Promote-Tourism POST /register 200 register success
2020-03-17 15:41:14 info BAAC-Promote-Tourism POST /register 200 register success
2020-03-17 15:42:06 info BAAC-Promote-Tourism POST /register 200 register success
2020-03-17 15:43:10 info BAAC-Promote-Tourism POST /register 200 register success
2020-03-17 15:45:38 info BAAC-Promote-Tourism POST /register 200 register success
2020-03-17 15:49:40 info BAAC-Promote-Tourism POST /register 200 register success
2020-03-17 15:49:41 info BAAC-Promote-Tourism POST /register 200 register success
2020-03-17 15:49:41 info BAAC-Promote-Tourism POST /register 200 register success
2020-03-17 15:49:42 info BAAC-Promote-Tourism POST /register 200 register success
2020-03-17 15:49:42 info BAAC-Promote-Tourism POST /unregister 200 unregister success
2020-03-17 15:50:05 info BAAC-Promote-Tourism POST /register 200 register success
2020-03-17 15:50:05 info BAAC-Promote-Tourism POST /register 200 register success
2020-03-17 15:50:06 info BAAC-Promote-Tourism POST /register 200 register success
2020-03-17 15:50:06 info BAAC-Promote-Tourism POST /unregister 200 unregister success
2020-03-17 16:00:27 info BAAC-Promote-Tourism POST /register 200 register success
2020-03-17 16:00:28 info BAAC-Promote-Tourism POST /register 200 register success
2020-03-17 16:00:28 info BAAC-Promote-Tourism POST /register 200 register success
2020-03-17 16:00:28 info BAAC-Promote-Tourism POST /unregister 200 unregister success
2020-03-17 16:17:39 info BAAC-Promote-Tourism POST /register 200 register success
2020-03-17 16:17:40 info BAAC-Promote-Tourism POST /register 200 register success
2020-03-17 16:17:40 info BAAC-Promote-Tourism POST /register 200 register success
2020-03-17 16:17:40 info BAAC-Promote-Tourism POST /unregister 200 unregister success
2020-03-17 16:29:56 info BAAC-Promote-Tourism POST /register 200 register success
2020-03-17 16:29:56 info BAAC-Promote-Tourism POST /register 200 register success
2020-03-17 16:30:10 info BAAC-Promote-Tourism POST /register 200 register success
2020-03-17 16:30:11 info BAAC-Promote-Tourism POST /register 200 register success
2020-03-17 16:30:56 info BAAC-Promote-Tourism POST /register 200 register success
2020-03-17 16:30:57 info BAAC-Promote-Tourism POST /register 200 register success
2020-03-17 16:31:02 info BAAC-Promote-Tourism POST /register 200 register success
2020-03-17 16:31:03 info BAAC-Promote-Tourism POST /register 200 register success
2020-03-17 16:31:20 info BAAC-Promote-Tourism POST /register 200 register success
2020-03-17 16:31:21 info BAAC-Promote-Tourism POST /register 200 register success
2020-03-17 16:31:23 info BAAC-Promote-Tourism POST /register 200 register success
2020-03-17 16:31:23 info BAAC-Promote-Tourism POST /register 200 register success
2020-03-17 16:32:24 info BAAC-Promote-Tourism POST /register 200 register success
2020-03-17 16:32:24 info BAAC-Promote-Tourism POST /register 200 register success
2020-03-17 16:32:25 info BAAC-Promote-Tourism POST /register 200 register success
2020-03-17 16:32:25 info BAAC-Promote-Tourism POST /unregister 200 unregister success
2020-03-17 16:32:28 info BAAC-Promote-Tourism POST /register 200 register success
2020-03-17 16:32:28 info BAAC-Promote-Tourism POST /register 200 register success
2020-03-17 16:32:29 info BAAC-Promote-Tourism POST /register 200 register success
2020-03-17 16:32:29 info BAAC-Promote-Tourism POST /unregister 200 unregister success
2020-03-17 16:33:50 info BAAC-Promote-Tourism POST /register 200 register success
2020-03-17 16:33:51 info BAAC-Promote-Tourism POST /register 200 register success
2020-03-17 16:34:00 info BAAC-Promote-Tourism POST /register 200 register success
2020-03-17 16:34:01 info BAAC-Promote-Tourism POST /register 200 register success
2020-03-17 16:34:02 info BAAC-Promote-Tourism POST /register 200 register success
2020-03-17 16:34:02 info BAAC-Promote-Tourism POST /register 200 register success
2020-03-17 16:34:03 info BAAC-Promote-Tourism POST /register 200 register success
2020-03-17 16:34:04 info BAAC-Promote-Tourism POST /register 200 register success
2020-03-17 16:34:10 info BAAC-Promote-Tourism POST /register 200 register success
2020-03-17 16:34:12 info BAAC-Promote-Tourism POST /register 200 register success
2020-03-17 16:34:13 info BAAC-Promote-Tourism POST /register 200 register success
2020-03-17 16:34:53 info BAAC-Promote-Tourism POST /register 200 register success
2020-03-17 16:34:54 info BAAC-Promote-Tourism POST /register 200 register success
2020-03-17 16:34:55 info BAAC-Promote-Tourism POST /register 200 register success
2020-03-17 16:34:55 info BAAC-Promote-Tourism POST /unregister 200 unregister success
2020-03-17 16:49:10 info BAAC-Promote-Tourism POST /register 200 register success
2020-03-17 16:49:11 info BAAC-Promote-Tourism POST /register 200 register success
2020-03-17 16:49:11 info BAAC-Promote-Tourism POST /register 200 register success
2020-03-17 16:49:11 info BAAC-Promote-Tourism POST /unregister 200 unregister success
2020-03-17 16:54:00 info BAAC-Promote-Tourism POST /register 200 register success
2020-03-17 16:54:00 info BAAC-Promote-Tourism POST /register 200 register success
2020-03-17 16:54:01 info BAAC-Promote-Tourism POST /register 200 register success
2020-03-17 16:54:01 info BAAC-Promote-Tourism POST /unregister 200 unregister success
2020-03-17 16:54:25 info BAAC-Promote-Tourism POST /register 200 register success
2020-03-17 16:54:25 info BAAC-Promote-Tourism POST /register 200 register success
2020-03-17 16:54:26 info BAAC-Promote-Tourism POST /register 200 register success
2020-03-17 16:54:26 info BAAC-Promote-Tourism POST /unregister 200 unregister success
2020-03-17 16:54:40 info BAAC-Promote-Tourism POST /register 200 register success
2020-03-17 16:54:41 info BAAC-Promote-Tourism POST /register 200 register success
2020-03-17 16:54:42 info BAAC-Promote-Tourism POST /register 200 register success
2020-03-17 16:54:42 info BAAC-Promote-Tourism POST /unregister 200 unregister success
2020-03-17 16:54:52 info BAAC-Promote-Tourism POST /register 200 register success
2020-03-17 16:54:53 info BAAC-Promote-Tourism POST /register 200 register success
2020-03-17 16:54:53 info BAAC-Promote-Tourism POST /register 200 register success
2020-03-17 16:54:54 info BAAC-Promote-Tourism POST /unregister 200 unregister success
2020-03-17 16:55:18 info BAAC-Promote-Tourism POST /register 200 register success
2020-03-17 16:55:18 info BAAC-Promote-Tourism POST /register 200 register success
2020-03-17 16:55:19 info BAAC-Promote-Tourism POST /register 200 register success
2020-03-17 16:55:19 info BAAC-Promote-Tourism POST /unregister 200 unregister success
2020-03-17 16:55:40 info BAAC-Promote-Tourism POST /register 200 register success
2020-03-17 16:55:41 info BAAC-Promote-Tourism POST /register 200 register success
2020-03-17 16:55:41 info BAAC-Promote-Tourism POST /register 200 register success
2020-03-17 16:55:41 info BAAC-Promote-Tourism POST /unregister 200 unregister success
2020-03-17 16:55:54 info BAAC-Promote-Tourism POST /register 200 register success
2020-03-17 16:55:55 info BAAC-Promote-Tourism POST /register 200 register success
2020-03-17 16:55:55 info BAAC-Promote-Tourism POST /register 200 register success
2020-03-17 16:55:55 info BAAC-Promote-Tourism POST /unregister 200 unregister success
2020-03-17 16:56:02 info BAAC-Promote-Tourism POST /register 200 register success
2020-03-17 16:56:02 info BAAC-Promote-Tourism POST /register 200 register success
2020-03-17 16:56:03 info BAAC-Promote-Tourism POST /register 200 register success
2020-03-17 16:56:03 info BAAC-Promote-Tourism POST /unregister 200 unregister success
2020-03-17 16:56:09 info BAAC-Promote-Tourism POST /register 200 register success
2020-03-17 16:56:09 info BAAC-Promote-Tourism POST /register 200 register success
2020-03-17 16:56:10 info BAAC-Promote-Tourism POST /register 200 register success
2020-03-17 16:56:10 info BAAC-Promote-Tourism POST /unregister 200 unregister success
2020-03-17 16:56:21 info BAAC-Promote-Tourism POST /register 200 register success
2020-03-17 16:56:21 info BAAC-Promote-Tourism POST /register 200 register success
2020-03-17 16:56:22 info BAAC-Promote-Tourism POST /register 200 register success
2020-03-17 16:56:22 info BAAC-Promote-Tourism POST /unregister 200 unregister success
2020-03-17 16:56:39 info BAAC-Promote-Tourism POST /register 200 register success
2020-03-17 16:56:40 info BAAC-Promote-Tourism POST /register 200 register success
2020-03-17 16:56:40 info BAAC-Promote-Tourism POST /register 200 register success
2020-03-17 16:56:40 info BAAC-Promote-Tourism POST /unregister 200 unregister success
2020-03-17 16:56:51 info BAAC-Promote-Tourism POST /register 200 register success
2020-03-17 16:57:55 info BAAC-Promote-Tourism POST /register 200 register success
2020-03-17 16:58:01 info BAAC-Promote-Tourism POST /unregister 200 unregister success
2020-03-17 16:58:35 info BAAC-Promote-Tourism POST /register 200 register success
2020-03-17 16:58:35 info BAAC-Promote-Tourism POST /register 200 register success
2020-03-17 16:58:36 info BAAC-Promote-Tourism POST /register 200 register success
2020-03-17 16:58:36 info BAAC-Promote-Tourism POST /unregister 200 unregister success
2020-03-17 17:02:18 info BAAC-Promote-Tourism POST /register 200 register success
2020-03-17 17:02:18 info BAAC-Promote-Tourism POST /register 200 register success
2020-03-17 17:02:19 info BAAC-Promote-Tourism POST /register 200 register success
2020-03-17 17:02:19 info BAAC-Promote-Tourism POST /unregister 200 unregister success
2020-03-17 17:02:55 info BAAC-Promote-Tourism POST /register 200 register success
2020-03-17 17:02:59 info BAAC-Promote-Tourism POST /register 200 register success
2020-03-17 17:03:39 info BAAC-Promote-Tourism POST /register 200 register success
2020-03-17 17:03:42 info BAAC-Promote-Tourism POST /register 200 register success
2020-03-17 17:03:45 info BAAC-Promote-Tourism POST /register 200 register success
2020-03-17 17:04:19 info BAAC-Promote-Tourism POST /register 200 register success
2020-03-17 17:04:19 info BAAC-Promote-Tourism POST /register 200 register success
2020-03-17 17:04:20 info BAAC-Promote-Tourism POST /register 200 register success
2020-03-17 17:04:20 info BAAC-Promote-Tourism POST /unregister 200 unregister success
2020-03-17 17:04:37 info BAAC-Promote-Tourism POST /register 200 register success
2020-03-17 17:04:37 info BAAC-Promote-Tourism POST /register 200 register success
2020-03-17 17:04:38 info BAAC-Promote-Tourism POST /register 200 register success
2020-03-17 17:04:38 info BAAC-Promote-Tourism POST /unregister 200 unregister success
2020-03-17 17:04:54 info BAAC-Promote-Tourism POST /register 200 register success
2020-03-17 17:04:55 info BAAC-Promote-Tourism POST /register 200 register success
2020-03-17 17:04:56 info BAAC-Promote-Tourism POST /register 200 register success
2020-03-17 17:05:24 info BAAC-Promote-Tourism POST /register 200 register success
2020-03-17 17:05:25 info BAAC-Promote-Tourism POST /register 200 register success
2020-03-17 17:05:26 info BAAC-Promote-Tourism POST /register 200 register success
2020-03-17 17:05:58 info BAAC-Promote-Tourism POST /register 200 register success
2020-03-17 17:06:01 info BAAC-Promote-Tourism POST /register 200 register success
2020-03-17 17:06:01 info BAAC-Promote-Tourism POST /register 200 register success
2020-03-17 17:06:02 info BAAC-Promote-Tourism POST /register 200 register success
2020-03-17 17:06:05 info BAAC-Promote-Tourism POST /register 200 register success
2020-03-17 17:06:06 info BAAC-Promote-Tourism POST /register 200 register success
2020-03-17 17:06:06 info BAAC-Promote-Tourism POST /register 200 register success
2020-03-17 17:06:20 info BAAC-Promote-Tourism POST /register 200 register success
2020-03-17 17:09:48 info BAAC-Promote-Tourism POST /register 200 register success
2020-03-17 17:09:48 info BAAC-Promote-Tourism POST /register 200 register success
2020-03-17 17:09:49 info BAAC-Promote-Tourism POST /register 200 register success
2020-03-17 17:09:49 info BAAC-Promote-Tourism POST /unregister 200 unregister success
2020-03-17 17:09:53 info BAAC-Promote-Tourism POST /register 200 register success
2020-03-17 17:09:54 info BAAC-Promote-Tourism POST /register 200 register success
2020-03-17 17:09:54 info BAAC-Promote-Tourism POST /register 200 register success
2020-03-17 17:09:54 info BAAC-Promote-Tourism POST /unregister 200 unregister success
2020-03-17 17:11:09 info BAAC-Promote-Tourism POST /register 200 register success
2020-03-17 17:11:09 info BAAC-Promote-Tourism POST /register 200 register success
2020-03-17 17:11:10 info BAAC-Promote-Tourism POST /register 200 register success
2020-03-17 17:11:10 info BAAC-Promote-Tourism POST /unregister 200 unregister success
2020-03-17 17:11:16 info BAAC-Promote-Tourism POST /register 200 register success
2020-03-17 17:11:17 info BAAC-Promote-Tourism POST /register 200 register success
2020-03-17 17:11:17 info BAAC-Promote-Tourism POST /register 200 register success
2020-03-17 17:11:22 info BAAC-Promote-Tourism POST /register 200 register success
2020-03-17 17:11:22 info BAAC-Promote-Tourism POST /register 200 register success
2020-03-17 17:11:23 info BAAC-Promote-Tourism POST /register 200 register success
2020-03-17 17:11:35 info BAAC-Promote-Tourism POST /register 200 register success
2020-03-17 17:11:35 info BAAC-Promote-Tourism POST /register 200 register success
2020-03-17 17:11:39 info BAAC-Promote-Tourism POST /register 200 register success
2020-03-17 17:11:40 info BAAC-Promote-Tourism POST /register 200 register success
2020-03-17 17:11:51 info BAAC-Promote-Tourism POST /register 200 register success
2020-03-17 17:12:13 info BAAC-Promote-Tourism POST /register 200 register success
2020-03-17 17:12:13 info BAAC-Promote-Tourism POST /register 200 register success
2020-03-17 17:12:16 info BAAC-Promote-Tourism POST /register 200 register success
2020-03-17 17:12:17 info BAAC-Promote-Tourism POST /register 200 register success
2020-03-17 17:12:26 info BAAC-Promote-Tourism POST /register 200 register success
2020-03-17 17:12:27 info BAAC-Promote-Tourism POST /register 200 register success
2020-03-17 17:12:29 info BAAC-Promote-Tourism POST /register 200 register success
2020-03-17 17:12:30 info BAAC-Promote-Tourism POST /register 200 register success
2020-03-17 17:12:34 info BAAC-Promote-Tourism POST /register 200 register success
2020-03-17 17:12:35 info BAAC-Promote-Tourism POST /register 200 register success
2020-03-17 17:12:43 info BAAC-Promote-Tourism POST /register 200 register success
2020-03-17 17:12:43 info BAAC-Promote-Tourism POST /register 200 register success
2020-03-17 17:12:47 info BAAC-Promote-Tourism POST /register 200 register success
2020-03-17 17:12:48 info BAAC-Promote-Tourism POST /register 200 register success
2020-03-17 17:13:30 info BAAC-Promote-Tourism POST /register 200 register success
2020-03-17 17:15:11 info BAAC-Promote-Tourism POST /register 200 register success
2020-03-17 17:15:12 info BAAC-Promote-Tourism POST /register 200 register success
2020-03-17 17:15:15 info BAAC-Promote-Tourism POST /register 200 register success
2020-03-17 17:15:37 info BAAC-Promote-Tourism POST /register 200 register success
2020-03-17 17:16:13 info BAAC-Promote-Tourism POST /register 200 register success
2020-03-17 17:16:13 info BAAC-Promote-Tourism POST /register 200 register success
2020-03-17 17:16:16 info BAAC-Promote-Tourism POST /register 200 register success
2020-03-17 17:16:43 info BAAC-Promote-Tourism POST /register 200 register success
2020-03-17 17:17:24 info BAAC-Promote-Tourism POST /register 200 register success
2020-03-17 17:17:24 info BAAC-Promote-Tourism POST /register 200 register success
2020-03-17 17:17:27 info BAAC-Promote-Tourism POST /register 200 register success
2020-03-17 17:17:28 info BAAC-Promote-Tourism POST /register 200 register success
2020-03-17 17:17:40 info BAAC-Promote-Tourism POST /register 200 register success
2020-03-17 17:20:37 info BAAC-Promote-Tourism POST /register 200 register success
2020-03-17 17:20:37 info BAAC-Promote-Tourism POST /register 200 register success
2020-03-17 17:20:40 info BAAC-Promote-Tourism POST /register 200 register success
2020-03-17 17:20:41 info BAAC-Promote-Tourism POST /register 200 register success
2020-03-17 17:21:35 info BAAC-Promote-Tourism POST /register 200 register success
2020-03-17 17:26:19 info BAAC-Promote-Tourism POST /register 200 register success
2020-03-17 17:26:19 info BAAC-Promote-Tourism POST /register 200 register success
2020-03-17 17:26:55 info BAAC-Promote-Tourism POST /register 200 register success
2020-03-17 17:28:28 info BAAC-Promote-Tourism POST /register 200 register success
2020-03-17 17:28:28 info BAAC-Promote-Tourism POST /register 200 register success
2020-03-17 17:28:29 info BAAC-Promote-Tourism POST /register 200 register success
2020-03-17 17:28:29 info BAAC-Promote-Tourism POST /register 200 register success
2020-03-17 17:28:32 info BAAC-Promote-Tourism POST /register 200 register success
2020-03-17 17:28:32 info BAAC-Promote-Tourism POST /register 200 register success
2020-03-17 17:29:08 info BAAC-Promote-Tourism POST /register 200 register success
2020-03-17 17:29:08 info BAAC-Promote-Tourism POST /register 200 register success
2020-03-17 17:29:57 info BAAC-Promote-Tourism POST /register 200 register success
2020-03-17 17:29:58 info BAAC-Promote-Tourism POST /register 200 register success
2020-03-17 17:30:37 info BAAC-Promote-Tourism POST /register 200 register success
2020-03-17 17:30:57 info BAAC-Promote-Tourism POST /register 200 register success
2020-03-17 17:30:57 info BAAC-Promote-Tourism POST /register 200 register success
2020-03-17 17:30:58 info BAAC-Promote-Tourism POST /register 200 register success
2020-03-17 17:30:58 info BAAC-Promote-Tourism POST /unregister 200 unregister success
2020-03-17 17:31:04 info BAAC-Promote-Tourism POST /register 200 register success
2020-03-17 17:31:04 info BAAC-Promote-Tourism POST /register 200 register success
2020-03-17 17:31:05 info BAAC-Promote-Tourism POST /register 200 register success
2020-03-17 17:31:05 info BAAC-Promote-Tourism POST /unregister 200 unregister success
2020-03-17 17:31:22 info BAAC-Promote-Tourism POST /register 200 register success
2020-03-17 17:31:23 info BAAC-Promote-Tourism POST /register 200 register success
2020-03-17 17:31:24 info BAAC-Promote-Tourism POST /register 200 register success
2020-03-17 17:31:24 info BAAC-Promote-Tourism POST /unregister 200 unregister success
2020-03-17 17:31:28 info BAAC-Promote-Tourism POST /register 200 register success
2020-03-17 17:31:28 info BAAC-Promote-Tourism POST /register 200 register success
2020-03-17 17:31:29 info BAAC-Promote-Tourism POST /register 200 register success
2020-03-17 17:31:32 info BAAC-Promote-Tourism POST /register 200 register success
2020-03-17 17:31:32 info BAAC-Promote-Tourism POST /register 200 register success
2020-03-17 17:31:33 info BAAC-Promote-Tourism POST /register 200 register success
2020-03-17 17:31:39 info BAAC-Promote-Tourism POST /register 200 register success
2020-03-17 17:31:39 info BAAC-Promote-Tourism POST /register 200 register success
2020-03-17 17:31:40 info BAAC-Promote-Tourism POST /register 200 register success
2020-03-17 17:32:09 info BAAC-Promote-Tourism POST /register 200 register success
2020-03-17 17:32:09 info BAAC-Promote-Tourism POST /register 200 register success
2020-03-17 17:32:10 info BAAC-Promote-Tourism POST /register 200 register success
2020-03-17 17:33:34 info BAAC-Promote-Tourism POST /register 200 register success
2020-03-17 17:33:35 info BAAC-Promote-Tourism POST /register 200 register success
2020-03-17 17:33:35 info BAAC-Promote-Tourism POST /register 200 register success
2020-03-17 17:34:00 info BAAC-Promote-Tourism POST /register 200 register success
2020-03-17 17:34:01 info BAAC-Promote-Tourism POST /register 200 register success
2020-03-17 17:34:02 info BAAC-Promote-Tourism POST /register 200 register success
2020-03-17 17:37:09 info BAAC-Promote-Tourism POST /register 200 register success
2020-03-17 17:37:10 info BAAC-Promote-Tourism POST /register 200 register success
2020-03-17 17:37:10 info BAAC-Promote-Tourism POST /register 200 register success
2020-03-17 17:40:56 info BAAC-Promote-Tourism POST /register 200 register success
2020-03-17 17:40:57 info BAAC-Promote-Tourism POST /register 200 register success
2020-03-17 17:40:58 info BAAC-Promote-Tourism POST /register 200 register success
2020-03-17 17:40:58 info BAAC-Promote-Tourism POST /unregister 200 unregister success
2020-03-17 17:41:03 info BAAC-Promote-Tourism POST /register 200 register success
2020-03-17 17:41:04 info BAAC-Promote-Tourism POST /register 200 register success
2020-03-17 17:41:04 info BAAC-Promote-Tourism POST /register 200 register success
2020-03-17 17:41:05 info BAAC-Promote-Tourism POST /unregister 200 unregister success
2020-03-17 17:41:06 info BAAC-Promote-Tourism POST /register 200 register success
2020-03-17 17:41:06 info BAAC-Promote-Tourism POST /register 200 register success
2020-03-17 17:41:07 info BAAC-Promote-Tourism POST /register 200 register success
2020-03-17 17:41:07 info BAAC-Promote-Tourism POST /unregister 200 unregister success
2020-03-17 17:41:28 info BAAC-Promote-Tourism POST /register 200 register success
2020-03-17 17:41:29 info BAAC-Promote-Tourism POST /register 200 register success
2020-03-17 17:41:30 info BAAC-Promote-Tourism POST /register 200 register success
2020-03-17 17:41:30 info BAAC-Promote-Tourism POST /unregister 200 unregister success
2020-03-17 17:41:35 info BAAC-Promote-Tourism POST /register 200 register success
2020-03-17 17:41:36 info BAAC-Promote-Tourism POST /register 200 register success
2020-03-17 17:41:36 info BAAC-Promote-Tourism POST /register 200 register success
2020-03-17 17:41:36 info BAAC-Promote-Tourism POST /unregister 200 unregister success
2020-03-17 17:41:46 info BAAC-Promote-Tourism POST /register 200 register success
2020-03-17 17:41:46 info BAAC-Promote-Tourism POST /unregister 200 unregister success
2020-03-17 17:41:50 info BAAC-Promote-Tourism POST /register 200 register success
2020-03-17 17:41:50 info BAAC-Promote-Tourism POST /unregister 200 unregister success
2020-03-17 17:42:20 info BAAC-Promote-Tourism POST /register 200 register success
2020-03-17 17:42:20 info BAAC-Promote-Tourism POST /unregister 200 unregister success
2020-03-17 17:42:24 info BAAC-Promote-Tourism POST /register 200 register success
2020-03-17 17:42:24 info BAAC-Promote-Tourism POST /unregister 200 unregister success
2020-03-17 17:42:25 info BAAC-Promote-Tourism POST /register 200 register success
2020-03-17 17:42:26 info BAAC-Promote-Tourism POST /unregister 200 unregister success
2020-03-17 17:42:46 info BAAC-Promote-Tourism POST /register 200 register success
2020-03-17 17:42:46 info BAAC-Promote-Tourism POST /unregister 200 unregister success
2020-03-17 17:42:49 info BAAC-Promote-Tourism POST /register 200 register success
2020-03-17 17:42:49 info BAAC-Promote-Tourism POST /unregister 200 unregister success
2020-03-17 19:47:44 info BAAC-Promote-Tourism POST /register 200 register success
2020-03-17 19:47:45 info BAAC-Promote-Tourism POST /unregister 200 unregister success
2020-03-17 19:47:48 info BAAC-Promote-Tourism POST /register 200 register success
2020-03-17 19:47:49 info BAAC-Promote-Tourism POST /unregister 200 unregister success
2020-03-17 19:49:27 info BAAC-Promote-Tourism POST /register 200 register success
2020-03-17 19:49:27 info BAAC-Promote-Tourism POST /unregister 200 unregister success
2020-03-17 19:49:31 info BAAC-Promote-Tourism POST /register 200 register success
2020-03-17 19:49:31 info BAAC-Promote-Tourism POST /unregister 200 unregister success
2020-03-17 19:50:47 info BAAC-Promote-Tourism POST /register 200 register success
2020-03-17 19:50:47 info BAAC-Promote-Tourism POST /unregister 200 unregister success
2020-03-17 19:53:42 info BAAC-Promote-Tourism POST /register 200 register success
2020-03-17 19:53:55 info BAAC-Promote-Tourism POST /unregister 200 unregister success
2020-03-17 19:55:22 info BAAC-Promote-Tourism POST /register 200 register success
2020-03-17 19:55:23 info BAAC-Promote-Tourism POST /unregister 200 unregister success
2020-03-17 19:55:27 info BAAC-Promote-Tourism POST /register 200 register success
2020-03-17 19:55:27 info BAAC-Promote-Tourism POST /unregister 200 unregister success
2020-03-17 20:01:31 info BAAC-Promote-Tourism POST /register 200 register success
2020-03-17 20:01:31 info BAAC-Promote-Tourism POST /unregister 200 unregister success
2020-03-17 20:01:37 info BAAC-Promote-Tourism POST /register 200 register success
2020-03-17 20:01:37 info BAAC-Promote-Tourism POST /unregister 200 unregister success
2020-03-17 20:01:43 info BAAC-Promote-Tourism POST /register 200 register success
2020-03-17 20:01:43 info BAAC-Promote-Tourism POST /unregister 200 unregister success
2020-03-17 20:01:50 info BAAC-Promote-Tourism POST /register 200 register success
2020-03-17 20:01:50 info BAAC-Promote-Tourism POST /unregister 200 unregister success
2020-03-17 20:01:54 info BAAC-Promote-Tourism POST /register 200 register success
2020-03-17 20:01:54 info BAAC-Promote-Tourism POST /unregister 200 unregister success
2020-03-17 20:01:59 info BAAC-Promote-Tourism POST /register 200 register success
2020-03-17 20:02:00 info BAAC-Promote-Tourism POST /unregister 200 unregister success
2020-03-17 20:02:04 info BAAC-Promote-Tourism POST /register 200 register success
2020-03-17 20:02:04 info BAAC-Promote-Tourism POST /unregister 200 unregister success
2020-03-17 20:05:28 info BAAC-Promote-Tourism POST /register 200 register success
2020-03-17 20:05:28 info BAAC-Promote-Tourism POST /unregister 200 unregister success
2020-03-17 20:06:06 info BAAC-Promote-Tourism POST /register 200 register success
2020-03-17 20:06:29 info BAAC-Promote-Tourism POST /unregister 200 unregister success
2020-03-17 20:10:49 info BAAC-Promote-Tourism POST /register 200 register success
2020-03-17 20:10:49 info BAAC-Promote-Tourism POST /unregister 200 unregister success
2020-03-17 20:11:05 info BAAC-Promote-Tourism POST /register 200 register success
2020-03-17 20:11:23 info BAAC-Promote-Tourism POST /unregister 200 unregister success
2020-03-17 20:11:31 info BAAC-Promote-Tourism POST /register 200 register success
2020-03-17 20:11:31 info BAAC-Promote-Tourism POST /unregister 200 unregister success
2020-03-17 20:11:34 info BAAC-Promote-Tourism POST /register 200 register success
2020-03-17 20:11:34 info BAAC-Promote-Tourism POST /unregister 200 unregister success
2020-03-17 20:12:53 info BAAC-Promote-Tourism POST /register 200 register success
2020-03-17 20:12:54 info BAAC-Promote-Tourism POST /unregister 200 unregister success
2020-03-17 20:13:25 info BAAC-Promote-Tourism POST /register 200 register success
2020-03-17 20:13:29 info BAAC-Promote-Tourism POST /register 200 register success
2020-03-17 20:13:57 info BAAC-Promote-Tourism POST /register 200 register success
2020-03-17 20:14:03 info BAAC-Promote-Tourism POST /register 200 register success
2020-03-17 20:15:27 info BAAC-Promote-Tourism POST /register 200 register success
2020-03-17 20:15:41 info BAAC-Promote-Tourism POST /register 200 register success
2020-03-17 20:16:09 info BAAC-Promote-Tourism POST /register 200 register success
2020-03-17 20:16:15 info BAAC-Promote-Tourism POST /register 200 register success
2020-03-17 20:16:43 info BAAC-Promote-Tourism POST /register 200 register success
2020-03-17 20:17:30 info BAAC-Promote-Tourism POST /register 200 register success
2020-03-17 20:18:49 info BAAC-Promote-Tourism POST /register 200 register success
2020-03-17 20:18:59 info BAAC-Promote-Tourism POST /register 200 register success
2020-03-17 20:20:34 info BAAC-Promote-Tourism POST /register 200 register success
2020-03-17 20:21:33 info BAAC-Promote-Tourism POST /register 200 register success
2020-03-17 20:21:37 info BAAC-Promote-Tourism POST /register 200 register success
2020-03-17 20:21:50 info BAAC-Promote-Tourism POST /register 200 register success
2020-03-17 20:21:56 info BAAC-Promote-Tourism POST /register 200 register success
2020-03-17 20:21:59 info BAAC-Promote-Tourism POST /register 200 register success
2020-03-17 20:22:13 info BAAC-Promote-Tourism POST /register 200 register success
2020-03-17 20:22:17 info BAAC-Promote-Tourism POST /register 200 register success
2020-03-17 20:22:34 info BAAC-Promote-Tourism POST /register 200 register success
2020-03-17 20:22:39 info BAAC-Promote-Tourism POST /register 200 register success
2020-03-17 20:23:03 info BAAC-Promote-Tourism POST /register 200 register success
2020-03-17 20:24:42 info BAAC-Promote-Tourism POST /register 200 register success
2020-03-17 20:24:46 info BAAC-Promote-Tourism POST /register 200 register success
2020-03-17 20:29:44 info BAAC-Promote-Tourism POST /register 200 register success
2020-03-17 20:29:55 info BAAC-Promote-Tourism POST /register 200 register success
2020-03-17 20:30:01 info BAAC-Promote-Tourism POST /register 200 register success
2020-03-17 20:33:20 info BAAC-Promote-Tourism POST /register 200 register success
2020-03-17 20:33:28 info BAAC-Promote-Tourism POST /register 200 register success
2020-03-17 20:33:34 info BAAC-Promote-Tourism POST /register 200 register success
2020-03-17 20:33:38 info BAAC-Promote-Tourism POST /register 200 register success
2020-03-17 20:33:52 info BAAC-Promote-Tourism POST /register 200 register success
2020-03-17 20:33:59 info BAAC-Promote-Tourism POST /register 200 register success
2020-03-17 20:34:36 info BAAC-Promote-Tourism POST /register 200 register success
2020-03-17 20:34:41 info BAAC-Promote-Tourism POST /register 200 register success
2020-03-17 20:35:43 info BAAC-Promote-Tourism POST /register 200 register success
2020-03-17 20:37:10 info BAAC-Promote-Tourism POST /register 200 register success
2020-03-17 20:37:15 info BAAC-Promote-Tourism POST /register 200 register success
2020-03-17 20:39:17 info BAAC-Promote-Tourism POST /register 200 register success
2020-03-17 20:40:10 info BAAC-Promote-Tourism POST /register 200 register success
2020-03-17 20:40:31 info BAAC-Promote-Tourism POST /register 200 register success
2020-03-17 20:40:33 info BAAC-Promote-Tourism POST /register 200 register success
2020-03-17 20:41:09 info BAAC-Promote-Tourism POST /register 200 register success
2020-03-17 20:41:11 info BAAC-Promote-Tourism POST /register 200 register success
2020-03-17 20:42:04 info BAAC-Promote-Tourism POST /register 200 register success
2020-03-17 20:42:08 info BAAC-Promote-Tourism POST /register 200 register success
2020-03-17 20:42:44 info BAAC-Promote-Tourism POST /register 200 register success
2020-03-17 20:42:49 info BAAC-Promote-Tourism POST /register 200 register success
2020-03-17 20:42:53 info BAAC-Promote-Tourism POST /register 200 register success
2020-03-17 20:44:06 info BAAC-Promote-Tourism POST /register 200 register success
2020-03-17 20:44:14 info BAAC-Promote-Tourism POST /register 200 register success
2020-03-17 20:44:20 info BAAC-Promote-Tourism POST /register 200 register success
2020-03-17 20:44:24 info BAAC-Promote-Tourism POST /register 200 register success
2020-03-17 20:44:27 info BAAC-Promote-Tourism POST /register 200 register success
2020-03-17 20:44:31 info BAAC-Promote-Tourism POST /register 200 register success
2020-03-17 20:44:34 info BAAC-Promote-Tourism POST /register 200 register success
2020-03-17 20:44:46 info BAAC-Promote-Tourism POST /register 200 register success
2020-03-17 20:44:55 info BAAC-Promote-Tourism POST /register 200 register success
2020-03-17 20:44:57 info BAAC-Promote-Tourism POST /register 200 register success
2020-03-17 20:45:09 info BAAC-Promote-Tourism POST /register 200 register success
2020-03-17 20:45:15 info BAAC-Promote-Tourism POST /register 200 register success
2020-03-17 20:45:51 info BAAC-Promote-Tourism POST /register 200 register success
2020-03-17 20:45:54 info BAAC-Promote-Tourism POST /register 200 register success
2020-03-17 20:46:05 info BAAC-Promote-Tourism POST /register 200 register success
2020-03-17 20:46:10 info BAAC-Promote-Tourism POST /register 200 register success
2020-03-17 20:46:13 info BAAC-Promote-Tourism POST /register 200 register success
2020-03-17 20:51:07 info BAAC-Promote-Tourism POST /register 200 register success
2020-03-17 20:51:08 info BAAC-Promote-Tourism POST /unregister 200 unregister success
2020-03-17 20:51:16 info BAAC-Promote-Tourism POST /register 200 register success
2020-03-17 20:51:17 info BAAC-Promote-Tourism POST /unregister 200 unregister success
2020-03-17 20:51:31 info BAAC-Promote-Tourism POST /register 200 register success
2020-03-17 20:51:31 info BAAC-Promote-Tourism POST /unregister 200 unregister success
2020-03-17 20:52:06 info BAAC-Promote-Tourism POST /register 200 register success
2020-03-17 20:52:06 info BAAC-Promote-Tourism POST /unregister 200 unregister success
2020-03-17 20:52:20 info BAAC-Promote-Tourism POST /register 200 register success
2020-03-17 20:52:21 info BAAC-Promote-Tourism POST /unregister 200 unregister success
2020-03-17 20:54:45 info BAAC-Promote-Tourism POST /register 200 register success
2020-03-17 20:54:45 info BAAC-Promote-Tourism POST /unregister 200 unregister success
2020-03-17 20:54:50 info BAAC-Promote-Tourism POST /register 200 register success
2020-03-17 20:54:50 info BAAC-Promote-Tourism POST /unregister 200 unregister success
2020-03-17 20:54:56 info BAAC-Promote-Tourism POST /register 200 register success
2020-03-17 20:54:56 info BAAC-Promote-Tourism POST /unregister 200 unregister success
2020-03-17 20:55:06 info BAAC-Promote-Tourism POST /register 200 register success
2020-03-17 20:55:06 info BAAC-Promote-Tourism POST /unregister 200 unregister success
2020-03-17 20:55:08 info BAAC-Promote-Tourism POST /register 200 register success
2020-03-17 20:55:08 info BAAC-Promote-Tourism POST /unregister 200 unregister success
2020-03-17 20:55:26 info BAAC-Promote-Tourism POST /register 200 register success
2020-03-17 20:55:27 info BAAC-Promote-Tourism POST /unregister 200 unregister success
2020-03-17 21:06:03 info BAAC-Promote-Tourism POST /register 200 register success
2020-03-17 21:07:32 info BAAC-Promote-Tourism POST /register 200 register success
2020-03-17 21:13:08 info BAAC-Promote-Tourism POST /register 200 register success
2020-03-17 21:13:08 info BAAC-Promote-Tourism POST /unregister 200 unregister success
2020-03-17 21:13:14 info BAAC-Promote-Tourism POST /register 200 register success
2020-03-17 21:13:20 info BAAC-Promote-Tourism POST /register 200 register success
2020-03-17 21:14:16 info BAAC-Promote-Tourism POST /register 200 register success
2020-03-17 21:14:28 info BAAC-Promote-Tourism POST /register 200 register success
2020-03-17 21:14:38 info BAAC-Promote-Tourism POST /register 200 register success
2020-03-17 21:14:42 info BAAC-Promote-Tourism POST /register 200 register success
2020-03-17 21:14:48 info BAAC-Promote-Tourism POST /register 200 register success
2020-03-17 21:14:53 info BAAC-Promote-Tourism POST /register 200 register success
2020-03-17 21:14:57 info BAAC-Promote-Tourism POST /register 200 register success
2020-03-17 21:15:30 info BAAC-Promote-Tourism POST /register 200 register success
2020-03-17 21:15:36 info BAAC-Promote-Tourism POST /register 200 register success
2020-03-17 21:15:42 info BAAC-Promote-Tourism POST /register 200 register success
2020-03-17 21:15:46 info BAAC-Promote-Tourism POST /register 200 register success
2020-03-17 21:15:49 info BAAC-Promote-Tourism POST /register 200 register success
2020-03-17 21:16:42 info BAAC-Promote-Tourism POST /register 200 register success
2020-03-17 21:16:42 info BAAC-Promote-Tourism POST /unregister 200 unregister success
2020-03-17 21:16:44 info BAAC-Promote-Tourism POST /register 200 register success
2020-03-17 21:16:44 info BAAC-Promote-Tourism POST /unregister 200 unregister success
2020-03-17 21:16:58 info BAAC-Promote-Tourism POST /register 200 register success
2020-03-17 21:16:58 info BAAC-Promote-Tourism POST /unregister 200 unregister success
2020-03-17 21:16:59 info BAAC-Promote-Tourism POST /register 200 register success
2020-03-17 21:16:59 info BAAC-Promote-Tourism POST /unregister 200 unregister success
2020-03-17 21:17:14 info BAAC-Promote-Tourism POST /register 200 register success
2020-03-17 21:17:15 info BAAC-Promote-Tourism POST /unregister 200 unregister success
2020-03-17 21:17:23 info BAAC-Promote-Tourism POST /register 200 register success
2020-03-17 21:17:24 info BAAC-Promote-Tourism POST /unregister 200 unregister success
2020-03-17 21:17:27 info BAAC-Promote-Tourism POST /register 200 register success
2020-03-17 21:17:27 info BAAC-Promote-Tourism POST /unregister 200 unregister success
2020-03-17 21:18:43 info BAAC-Promote-Tourism POST /register 200 register success
2020-03-17 21:18:46 info BAAC-Promote-Tourism POST /register 200 register success
2020-03-17 21:19:02 info BAAC-Promote-Tourism POST /register 200 register success
2020-03-17 21:19:04 info BAAC-Promote-Tourism POST /register 200 register success
2020-03-17 21:19:36 info BAAC-Promote-Tourism POST /register 200 register success
2020-03-17 21:19:48 info BAAC-Promote-Tourism POST /register 200 register success
2020-03-17 21:20:01 info BAAC-Promote-Tourism POST /register 200 register success
2020-03-17 21:20:02 info BAAC-Promote-Tourism POST /register 200 register success
2020-03-17 21:20:05 info BAAC-Promote-Tourism POST /register 200 register success
2020-03-17 21:20:05 info BAAC-Promote-Tourism POST /unregister 200 unregister success
2020-03-17 21:20:10 info BAAC-Promote-Tourism POST /register 200 register success
2020-03-17 21:20:12 info BAAC-Promote-Tourism POST /register 200 register success
2020-03-17 21:20:34 info BAAC-Promote-Tourism POST /register 200 register success
2020-03-17 21:20:34 info BAAC-Promote-Tourism POST /unregister 200 unregister success
2020-03-17 21:20:39 info BAAC-Promote-Tourism POST /register 200 register success
2020-03-17 21:20:48 info BAAC-Promote-Tourism POST /register 200 register success
2020-03-17 21:20:48 info BAAC-Promote-Tourism POST /unregister 200 unregister success
2020-03-17 21:20:50 info BAAC-Promote-Tourism POST /register 200 register success
2020-03-17 21:20:59 info BAAC-Promote-Tourism POST /register 200 register success
2020-03-17 21:21:00 info BAAC-Promote-Tourism POST /register 200 register success
2020-03-17 21:21:00 info BAAC-Promote-Tourism POST /unregister 200 unregister success
2020-03-17 21:21:02 info BAAC-Promote-Tourism POST /register 200 register success
2020-03-17 22:15:44 info BAAC-Promote-Tourism POST /register 200 register success
2020-03-17 22:15:46 info BAAC-Promote-Tourism POST /register 200 register success
2020-03-17 22:15:46 info BAAC-Promote-Tourism POST /unregister 200 unregister success
2020-03-17 22:15:48 info BAAC-Promote-Tourism POST /register 200 register success
2020-03-17 22:16:18 info BAAC-Promote-Tourism POST /register 200 register success
2020-03-17 22:16:19 info BAAC-Promote-Tourism POST /register 200 register success
2020-03-17 22:16:19 info BAAC-Promote-Tourism POST /unregister 200 unregister success
2020-03-17 22:16:21 info BAAC-Promote-Tourism POST /register 200 register success
2020-03-17 23:03:15 info BAAC-Promote-Tourism POST /register 200 register success
2020-03-17 23:03:15 info BAAC-Promote-Tourism POST /unregister 200 unregister success
2020-03-17 23:03:17 info BAAC-Promote-Tourism POST /register 200 register success
2020-03-17 23:03:19 info BAAC-Promote-Tourism POST /register 200 register success
2020-03-17 23:12:04 info BAAC-Promote-Tourism POST /register 200 register success
2020-03-17 23:12:04 info BAAC-Promote-Tourism POST /register 200 register success
2020-03-17 23:12:04 info BAAC-Promote-Tourism POST /register 200 register success
2020-03-17 23:12:04 info BAAC-Promote-Tourism POST /unregister 200 unregister success
2020-03-17 23:19:07 info BAAC-Promote-Tourism POST /register 200 register success
2020-03-17 23:19:52 info BAAC-Promote-Tourism POST /register 200 register success
2020-03-17 23:19:53 info BAAC-Promote-Tourism POST /unregister 200 unregister success
2020-03-17 23:19:54 info BAAC-Promote-Tourism POST /register 200 register success
2020-03-17 23:19:56 info BAAC-Promote-Tourism POST /register 200 register success
2020-03-17 23:20:43 info BAAC-Promote-Tourism POST /register 200 register success
2020-03-17 23:20:44 info BAAC-Promote-Tourism POST /unregister 200 unregister success
2020-03-17 23:20:46 info BAAC-Promote-Tourism POST /register 200 register success
2020-03-17 23:20:47 info BAAC-Promote-Tourism POST /register 200 register success
2020-03-17 23:23:05 info BAAC-Promote-Tourism POST /register 200 register success
2020-03-17 23:23:07 info BAAC-Promote-Tourism POST /register 200 register success
2020-03-17 23:23:07 info BAAC-Promote-Tourism POST /unregister 200 unregister success
2020-03-17 23:23:09 info BAAC-Promote-Tourism POST /register 200 register success
2020-03-17 23:23:38 info BAAC-Promote-Tourism POST /register 200 register success
2020-03-17 23:23:56 info BAAC-Promote-Tourism POST /register 200 register success
2020-03-17 23:23:56 info BAAC-Promote-Tourism POST /unregister 200 unregister success
2020-03-17 23:23:57 info BAAC-Promote-Tourism POST /register 200 register success
2020-03-17 23:23:59 info BAAC-Promote-Tourism POST /register 200 register success
2020-03-17 23:24:57 info BAAC-Promote-Tourism POST /register 200 register success
2020-03-17 23:25:47 info BAAC-Promote-Tourism POST /register 200 register success
2020-03-17 23:25:47 info BAAC-Promote-Tourism POST /unregister 200 unregister success
2020-03-17 23:25:49 info BAAC-Promote-Tourism POST /register 200 register success
2020-03-17 23:25:51 info BAAC-Promote-Tourism POST /register 200 register success
2020-03-17 23:27:25 info BAAC-Promote-Tourism POST /register 200 register success
2020-03-17 23:27:25 info BAAC-Promote-Tourism POST /unregister 200 unregister success
2020-03-17 23:27:26 info BAAC-Promote-Tourism POST /register 200 register success
2020-03-17 23:27:29 info BAAC-Promote-Tourism POST /register 200 register success
2020-03-17 23:28:40 info BAAC-Promote-Tourism POST /register 200 register success
2020-03-17 23:28:42 info BAAC-Promote-Tourism POST /register 200 register success
2020-03-17 23:28:42 info BAAC-Promote-Tourism POST /unregister 200 unregister success
2020-03-17 23:28:43 info BAAC-Promote-Tourism POST /register 200 register success
2020-03-18 09:53:11 info BAAC-Promote-Tourism POST /register 200 register success
2020-03-18 09:53:11 info BAAC-Promote-Tourism POST /register 200 register success
2020-03-18 11:02:48 info BAAC-Promote-Tourism POST /register 200 register success
2020-03-18 11:02:51 info BAAC-Promote-Tourism POST /register 200 register success
2020-03-18 11:02:51 info BAAC-Promote-Tourism POST /unregister 200 unregister success
2020-03-18 11:02:58 info BAAC-Promote-Tourism POST /register 200 register success
2020-03-18 12:46:31 info BAAC-Promote-Tourism POST /register 200 register success
2020-03-18 12:46:31 info BAAC-Promote-Tourism POST /register 200 register success
2020-03-18 12:46:31 info BAAC-Promote-Tourism POST /register 200 register success
2020-03-18 12:46:57 info BAAC-Promote-Tourism POST /register 200 register success
2020-03-18 12:46:57 info BAAC-Promote-Tourism POST /register 200 register success
2020-03-18 12:46:57 info BAAC-Promote-Tourism POST /register 200 register success
2020-03-18 12:46:57 info BAAC-Promote-Tourism POST /unregister 200 unregister success
2020-03-18 12:47:01 info BAAC-Promote-Tourism POST /register 200 register success
2020-03-18 12:47:01 info BAAC-Promote-Tourism POST /register 200 register success
2020-03-18 12:47:01 info BAAC-Promote-Tourism POST /register 200 register success
2020-03-18 12:47:01 info BAAC-Promote-Tourism POST /unregister 200 unregister success
2020-03-18 12:47:21 info BAAC-Promote-Tourism POST /register 200 register success
2020-03-18 12:47:21 info BAAC-Promote-Tourism POST /register 200 register success
2020-03-18 12:47:21 info BAAC-Promote-Tourism POST /register 200 register success
2020-03-18 12:47:21 info BAAC-Promote-Tourism POST /unregister 200 unregister success
2020-03-18 12:48:02 info BAAC-Promote-Tourism POST /register 200 register success
2020-03-18 12:48:02 info BAAC-Promote-Tourism POST /register 200 register success
2020-03-18 12:48:02 info BAAC-Promote-Tourism POST /register 200 register success
2020-03-18 12:48:02 info BAAC-Promote-Tourism POST /unregister 200 unregister success
2020-03-18 12:48:33 info BAAC-Promote-Tourism POST /register 200 register success
2020-03-18 12:48:33 info BAAC-Promote-Tourism POST /register 200 register success
2020-03-18 12:48:33 info BAAC-Promote-Tourism POST /register 200 register success
2020-03-18 12:48:33 info BAAC-Promote-Tourism POST /unregister 200 unregister success
2020-03-18 12:48:50 info BAAC-Promote-Tourism POST /register 200 register success
2020-03-18 12:49:04 info BAAC-Promote-Tourism POST /unregister 200 unregister success
2020-03-18 12:50:27 info BAAC-Promote-Tourism POST /register 200 register success
2020-03-18 13:08:40 info BAAC-Promote-Tourism POST /register 200 register success
2020-03-18 13:09:49 info BAAC-Promote-Tourism POST /register 200 register success
2020-03-18 13:09:51 info BAAC-Promote-Tourism POST /register 200 register success
2020-03-18 13:09:52 info BAAC-Promote-Tourism POST /register 200 register success
2020-03-18 13:09:53 info BAAC-Promote-Tourism POST /unregister 200 unregister success
2020-03-18 13:10:05 info BAAC-Promote-Tourism POST /register 200 register success
2020-03-18 13:10:05 info BAAC-Promote-Tourism POST /register 200 register success
2020-03-18 13:10:05 info BAAC-Promote-Tourism POST /unregister 200 unregister success
2020-03-18 13:10:09 info BAAC-Promote-Tourism POST /register 200 register success
2020-03-18 13:10:16 info BAAC-Promote-Tourism POST /register 200 register success
2020-03-18 13:10:16 info BAAC-Promote-Tourism POST /unregister 200 unregister success
2020-03-18 13:10:18 info BAAC-Promote-Tourism POST /register 200 register success
2020-03-18 13:10:50 info BAAC-Promote-Tourism POST /register 200 register success
2020-03-18 13:10:50 info BAAC-Promote-Tourism POST /register 200 register success
2020-03-18 13:10:50 info BAAC-Promote-Tourism POST /register 200 register success
2020-03-18 13:10:50 info BAAC-Promote-Tourism POST /unregister 200 unregister success
2020-03-18 13:27:36 info BAAC-Promote-Tourism POST /register 200 register success
2020-03-18 13:40:32 info BAAC-Promote-Tourism POST /register 200 register success
2020-03-18 13:40:32 info BAAC-Promote-Tourism POST /register 200 register success
2020-03-18 13:40:32 info BAAC-Promote-Tourism POST /register 200 register success
2020-03-18 13:40:32 info BAAC-Promote-Tourism POST /unregister 200 unregister success
2020-03-18 13:40:56 info BAAC-Promote-Tourism POST /register 200 register success
2020-03-18 13:40:56 info BAAC-Promote-Tourism POST /register 200 register success
2020-03-18 13:40:56 info BAAC-Promote-Tourism POST /register 200 register success
2020-03-18 13:40:56 info BAAC-Promote-Tourism POST /unregister 200 unregister success
2020-03-18 13:43:10 info BAAC-Promote-Tourism POST /register 200 register success
2020-03-18 13:43:10 info BAAC-Promote-Tourism POST /register 200 register success
2020-03-18 13:43:10 info BAAC-Promote-Tourism POST /register 200 register success
2020-03-18 13:43:10 info BAAC-Promote-Tourism POST /unregister 200 unregister success
2020-03-18 13:43:21 info BAAC-Promote-Tourism POST /register 200 register success
2020-03-18 13:43:21 info BAAC-Promote-Tourism POST /register 200 register success
2020-03-18 13:43:21 info BAAC-Promote-Tourism POST /register 200 register success
